[debug] [2025-10-25T23:29:18.224Z] ----------------------------------------------------------------------
[debug] [2025-10-25T23:29:18.226Z] Command:       /Users/alonb/.nvm/versions/node/v22.2.0/bin/node /Users/alonb/.nvm/versions/node/v22.2.0/bin/firebase deploy
[debug] [2025-10-25T23:29:18.226Z] CLI Version:   14.22.0
[debug] [2025-10-25T23:29:18.226Z] Platform:      darwin
[debug] [2025-10-25T23:29:18.226Z] Node Version:  v22.2.0
[debug] [2025-10-25T23:29:18.226Z] Time:          Sun Oct 26 2025 01:29:18 GMT+0200 (Israel Standard Time)
[debug] [2025-10-25T23:29:18.226Z] ----------------------------------------------------------------------
[debug] 
[debug] [2025-10-25T23:29:18.314Z] Object "/extensions" in "firebase.json" has unknown property: {"additionalProperty":"firestore-stripe-payments"}
[debug] [2025-10-25T23:29:18.320Z] > command requires scopes: ["email","openid","https://www.googleapis.com/auth/cloudplatformprojects.readonly","https://www.googleapis.com/auth/firebase","https://www.googleapis.com/auth/cloud-platform"]
[debug] [2025-10-25T23:29:18.320Z] > authorizing via signed-in user (alon710@gmail.com)
[debug] [2025-10-25T23:29:18.320Z] [iam] checking project review-ai-reply for permissions ["cloudfunctions.functions.create","cloudfunctions.functions.delete","cloudfunctions.functions.get","cloudfunctions.functions.list","cloudfunctions.functions.update","cloudfunctions.operations.get","datastore.indexes.create","datastore.indexes.delete","datastore.indexes.list","datastore.indexes.update","firebase.projects.get",null]
[debug] [2025-10-25T23:29:18.320Z] Checked if tokens are valid: true, expires at: 1761438429009
[debug] [2025-10-25T23:29:18.321Z] Checked if tokens are valid: true, expires at: 1761438429009
[debug] [2025-10-25T23:29:18.321Z] >>> [apiv2][query] POST https://cloudresourcemanager.googleapis.com/v1/projects/review-ai-reply:testIamPermissions [none]
[debug] [2025-10-25T23:29:18.321Z] >>> [apiv2][(partial)header] POST https://cloudresourcemanager.googleapis.com/v1/projects/review-ai-reply:testIamPermissions x-goog-quota-user=projects/review-ai-reply
[debug] [2025-10-25T23:29:18.321Z] >>> [apiv2][body] POST https://cloudresourcemanager.googleapis.com/v1/projects/review-ai-reply:testIamPermissions {"permissions":["cloudfunctions.functions.create","cloudfunctions.functions.delete","cloudfunctions.functions.get","cloudfunctions.functions.list","cloudfunctions.functions.update","cloudfunctions.operations.get","datastore.indexes.create","datastore.indexes.delete","datastore.indexes.list","datastore.indexes.update","firebase.projects.get",null]}
[debug] [2025-10-25T23:29:19.354Z] <<< [apiv2][status] POST https://cloudresourcemanager.googleapis.com/v1/projects/review-ai-reply:testIamPermissions 200
[debug] [2025-10-25T23:29:19.354Z] <<< [apiv2][body] POST https://cloudresourcemanager.googleapis.com/v1/projects/review-ai-reply:testIamPermissions {"permissions":["cloudfunctions.functions.create","cloudfunctions.functions.delete","cloudfunctions.functions.get","cloudfunctions.functions.list","cloudfunctions.functions.update","cloudfunctions.operations.get","datastore.indexes.create","datastore.indexes.delete","datastore.indexes.list","datastore.indexes.update","firebase.projects.get"]}
[debug] [2025-10-25T23:29:19.354Z] [iam] error while checking permissions, command may fail: Authorization failed. This account is missing the following required permissions on project review-ai-reply:

  
[debug] [2025-10-25T23:29:19.354Z] Checked if tokens are valid: true, expires at: 1761438429009
[debug] [2025-10-25T23:29:19.354Z] Checked if tokens are valid: true, expires at: 1761438429009
[debug] [2025-10-25T23:29:19.354Z] >>> [apiv2][query] POST https://iam.googleapis.com/v1/projects/review-ai-reply/serviceAccounts/review-ai-reply@appspot.gserviceaccount.com:testIamPermissions [none]
[debug] [2025-10-25T23:29:19.354Z] >>> [apiv2][body] POST https://iam.googleapis.com/v1/projects/review-ai-reply/serviceAccounts/review-ai-reply@appspot.gserviceaccount.com:testIamPermissions {"permissions":["iam.serviceAccounts.actAs"]}
[debug] [2025-10-26T00:21:56.474Z] Object "/extensions" in "firebase.json" has unknown property: {"additionalProperty":"firestore-stripe-payments"}
[debug] [2025-10-26T00:21:56.477Z] Object "/extensions" in "firebase.json" has unknown property: {"additionalProperty":"firestore-stripe-payments"}
[debug] [2025-10-26T00:21:56.477Z] Object "/extensions" in "firebase.json" has unknown property: {"additionalProperty":"firestore-stripe-payments"}
[debug] [2025-10-26T00:21:56.478Z] Object "/extensions" in "firebase.json" has unknown property: {"additionalProperty":"firestore-stripe-payments"}
[debug] [2025-10-26T00:21:56.479Z] Object "/extensions" in "firebase.json" has unknown property: {"additionalProperty":"firestore-stripe-payments"}
[debug] [2025-10-26T00:21:56.480Z] Object "/extensions" in "firebase.json" has unknown property: {"additionalProperty":"firestore-stripe-payments"}
[debug] [2025-10-26T00:21:56.481Z] Object "/extensions" in "firebase.json" has unknown property: {"additionalProperty":"firestore-stripe-payments"}
[debug] [2025-10-26T00:21:56.482Z] > command requires scopes: ["email","openid","https://www.googleapis.com/auth/cloudplatformprojects.readonly","https://www.googleapis.com/auth/firebase","https://www.googleapis.com/auth/cloud-platform"]
[debug] [2025-10-26T00:21:56.482Z] > authorizing via signed-in user (alon710@gmail.com)
[debug] [2025-10-26T00:21:56.482Z] > command requires scopes: ["email","openid","https://www.googleapis.com/auth/cloudplatformprojects.readonly","https://www.googleapis.com/auth/firebase","https://www.googleapis.com/auth/cloud-platform"]
[debug] [2025-10-26T00:21:56.482Z] > authorizing via signed-in user (alon710@gmail.com)
[debug] [2025-10-26T00:21:56.482Z] Object "/extensions" in "firebase.json" has unknown property: {"additionalProperty":"firestore-stripe-payments"}
[debug] [2025-10-26T00:21:56.486Z] Checked if tokens are valid: false, expires at: 1761438429009
[debug] [2025-10-26T00:21:56.486Z] Checked if tokens are valid: false, expires at: 1761438429009
[debug] [2025-10-26T00:21:56.486Z] > refreshing access token with scopes: []
[debug] [2025-10-26T00:21:56.487Z] >>> [apiv2][query] POST https://www.googleapis.com/oauth2/v3/token [none]
[debug] [2025-10-26T00:21:56.487Z] >>> [apiv2][body] POST https://www.googleapis.com/oauth2/v3/token [omitted]
[debug] [2025-10-26T00:21:56.510Z] Checked if tokens are valid: false, expires at: 1761438429009
[debug] [2025-10-26T00:21:56.510Z] Checked if tokens are valid: false, expires at: 1761438429009
[debug] [2025-10-26T00:21:56.510Z] > refreshing access token with scopes: []
[debug] [2025-10-26T00:21:56.511Z] >>> [apiv2][query] POST https://www.googleapis.com/oauth2/v3/token [none]
[debug] [2025-10-26T00:21:56.511Z] >>> [apiv2][body] POST https://www.googleapis.com/oauth2/v3/token [omitted]
[debug] [2025-10-26T00:21:56.511Z] Checked if tokens are valid: false, expires at: 1761438429009
[debug] [2025-10-26T00:21:56.511Z] Checked if tokens are valid: false, expires at: 1761438429009
[debug] [2025-10-26T00:21:56.512Z] > refreshing access token with scopes: []
[debug] [2025-10-26T00:21:56.512Z] >>> [apiv2][query] POST https://www.googleapis.com/oauth2/v3/token [none]
[debug] [2025-10-26T00:21:56.512Z] >>> [apiv2][body] POST https://www.googleapis.com/oauth2/v3/token [omitted]
[debug] [2025-10-26T00:21:56.512Z] Object "/extensions" in "firebase.json" has unknown property: {"additionalProperty":"firestore-stripe-payments"}
[debug] [2025-10-26T00:21:56.512Z] Checked if tokens are valid: false, expires at: 1761438429009
[debug] [2025-10-26T00:21:56.512Z] Checked if tokens are valid: false, expires at: 1761438429009
[debug] [2025-10-26T00:21:56.512Z] > refreshing access token with scopes: []
[debug] [2025-10-26T00:21:56.513Z] >>> [apiv2][query] POST https://www.googleapis.com/oauth2/v3/token [none]
[debug] [2025-10-26T00:21:56.513Z] >>> [apiv2][body] POST https://www.googleapis.com/oauth2/v3/token [omitted]
[debug] [2025-10-26T00:21:56.514Z] Checked if tokens are valid: false, expires at: 1761438429009
[debug] [2025-10-26T00:21:56.514Z] Checked if tokens are valid: false, expires at: 1761438429009
[debug] [2025-10-26T00:21:56.514Z] > refreshing access token with scopes: []
[debug] [2025-10-26T00:21:56.514Z] >>> [apiv2][query] POST https://www.googleapis.com/oauth2/v3/token [none]
[debug] [2025-10-26T00:21:56.514Z] >>> [apiv2][body] POST https://www.googleapis.com/oauth2/v3/token [omitted]
[debug] [2025-10-26T00:21:56.515Z] Checked if tokens are valid: false, expires at: 1761438429009
[debug] [2025-10-26T00:21:56.515Z] Checked if tokens are valid: false, expires at: 1761438429009
[debug] [2025-10-26T00:21:56.515Z] > refreshing access token with scopes: []
[debug] [2025-10-26T00:21:56.515Z] >>> [apiv2][query] POST https://www.googleapis.com/oauth2/v3/token [none]
[debug] [2025-10-26T00:21:56.515Z] >>> [apiv2][body] POST https://www.googleapis.com/oauth2/v3/token [omitted]
[debug] [2025-10-26T00:21:56.515Z] > command requires scopes: ["email","openid","https://www.googleapis.com/auth/cloudplatformprojects.readonly","https://www.googleapis.com/auth/firebase","https://www.googleapis.com/auth/cloud-platform"]
[debug] [2025-10-26T00:21:56.515Z] > authorizing via signed-in user (alon710@gmail.com)
[debug] [2025-10-26T00:21:56.516Z] Object "/extensions" in "firebase.json" has unknown property: {"additionalProperty":"firestore-stripe-payments"}
[debug] [2025-10-26T00:21:56.516Z] Checked if tokens are valid: false, expires at: 1761438429009
[debug] [2025-10-26T00:21:56.516Z] Checked if tokens are valid: false, expires at: 1761438429009
[debug] [2025-10-26T00:21:56.516Z] > refreshing access token with scopes: []
[debug] [2025-10-26T00:21:56.516Z] >>> [apiv2][query] POST https://www.googleapis.com/oauth2/v3/token [none]
[debug] [2025-10-26T00:21:56.516Z] >>> [apiv2][body] POST https://www.googleapis.com/oauth2/v3/token [omitted]
[debug] [2025-10-26T00:21:56.518Z] Checked if tokens are valid: false, expires at: 1761438429009
[debug] [2025-10-26T00:21:56.518Z] Checked if tokens are valid: false, expires at: 1761438429009
[debug] [2025-10-26T00:21:56.518Z] > refreshing access token with scopes: []
[debug] [2025-10-26T00:21:56.518Z] >>> [apiv2][query] POST https://www.googleapis.com/oauth2/v3/token [none]
[debug] [2025-10-26T00:21:56.518Z] >>> [apiv2][body] POST https://www.googleapis.com/oauth2/v3/token [omitted]
[debug] [2025-10-26T00:21:56.518Z] Checked if tokens are valid: false, expires at: 1761438429009
[debug] [2025-10-26T00:21:56.518Z] Checked if tokens are valid: false, expires at: 1761438429009
[debug] [2025-10-26T00:21:56.518Z] > refreshing access token with scopes: []
[debug] [2025-10-26T00:21:56.518Z] >>> [apiv2][query] POST https://www.googleapis.com/oauth2/v3/token [none]
[debug] [2025-10-26T00:21:56.519Z] >>> [apiv2][body] POST https://www.googleapis.com/oauth2/v3/token [omitted]
[debug] [2025-10-26T00:21:56.480Z] Object "/extensions" in "firebase.json" has unknown property: {"additionalProperty":"firestore-stripe-payments"}
[debug] [2025-10-26T00:21:56.482Z] Object "/extensions" in "firebase.json" has unknown property: {"additionalProperty":"firestore-stripe-payments"}
[debug] [2025-10-26T00:21:56.482Z] Object "/extensions" in "firebase.json" has unknown property: {"additionalProperty":"firestore-stripe-payments"}
[debug] [2025-10-26T00:21:56.483Z] Object "/extensions" in "firebase.json" has unknown property: {"additionalProperty":"firestore-stripe-payments"}
[debug] [2025-10-26T00:21:56.484Z] Object "/extensions" in "firebase.json" has unknown property: {"additionalProperty":"firestore-stripe-payments"}
[debug] [2025-10-26T00:21:56.484Z] > command requires scopes: ["email","openid","https://www.googleapis.com/auth/cloudplatformprojects.readonly","https://www.googleapis.com/auth/firebase","https://www.googleapis.com/auth/cloud-platform"]
[debug] [2025-10-26T00:21:56.485Z] > authorizing via signed-in user (alon710@gmail.com)
[debug] [2025-10-26T00:21:56.485Z] > command requires scopes: ["email","openid","https://www.googleapis.com/auth/cloudplatformprojects.readonly","https://www.googleapis.com/auth/firebase","https://www.googleapis.com/auth/cloud-platform"]
[debug] [2025-10-26T00:21:56.485Z] > authorizing via signed-in user (alon710@gmail.com)
[debug] [2025-10-26T00:21:56.486Z] Object "/extensions" in "firebase.json" has unknown property: {"additionalProperty":"firestore-stripe-payments"}
[debug] [2025-10-26T00:21:56.489Z] Checked if tokens are valid: false, expires at: 1761438429009
[debug] [2025-10-26T00:21:56.489Z] Checked if tokens are valid: false, expires at: 1761438429009
[debug] [2025-10-26T00:21:56.489Z] > refreshing access token with scopes: []
[debug] [2025-10-26T00:21:56.490Z] >>> [apiv2][query] POST https://www.googleapis.com/oauth2/v3/token [none]
[debug] [2025-10-26T00:21:56.490Z] >>> [apiv2][body] POST https://www.googleapis.com/oauth2/v3/token [omitted]
[debug] [2025-10-26T00:21:56.513Z] Checked if tokens are valid: false, expires at: 1761438429009
[debug] [2025-10-26T00:21:56.513Z] Checked if tokens are valid: false, expires at: 1761438429009
[debug] [2025-10-26T00:21:56.513Z] > refreshing access token with scopes: []
[debug] [2025-10-26T00:21:56.513Z] >>> [apiv2][query] POST https://www.googleapis.com/oauth2/v3/token [none]
[debug] [2025-10-26T00:21:56.513Z] >>> [apiv2][body] POST https://www.googleapis.com/oauth2/v3/token [omitted]
[debug] [2025-10-26T00:21:56.514Z] Checked if tokens are valid: false, expires at: 1761438429009
[debug] [2025-10-26T00:21:56.514Z] Checked if tokens are valid: false, expires at: 1761438429009
[debug] [2025-10-26T00:21:56.514Z] > refreshing access token with scopes: []
[debug] [2025-10-26T00:21:56.514Z] >>> [apiv2][query] POST https://www.googleapis.com/oauth2/v3/token [none]
[debug] [2025-10-26T00:21:56.514Z] >>> [apiv2][body] POST https://www.googleapis.com/oauth2/v3/token [omitted]
[debug] [2025-10-26T00:21:56.515Z] Object "/extensions" in "firebase.json" has unknown property: {"additionalProperty":"firestore-stripe-payments"}
[debug] [2025-10-26T00:21:56.516Z] Checked if tokens are valid: false, expires at: 1761438429009
[debug] [2025-10-26T00:21:56.516Z] Checked if tokens are valid: false, expires at: 1761438429009
[debug] [2025-10-26T00:21:56.516Z] > refreshing access token with scopes: []
[debug] [2025-10-26T00:21:56.516Z] >>> [apiv2][query] POST https://www.googleapis.com/oauth2/v3/token [none]
[debug] [2025-10-26T00:21:56.516Z] >>> [apiv2][body] POST https://www.googleapis.com/oauth2/v3/token [omitted]
[debug] [2025-10-26T00:21:56.517Z] Checked if tokens are valid: false, expires at: 1761438429009
[debug] [2025-10-26T00:21:56.518Z] Checked if tokens are valid: false, expires at: 1761438429009
[debug] [2025-10-26T00:21:56.518Z] > refreshing access token with scopes: []
[debug] [2025-10-26T00:21:56.518Z] >>> [apiv2][query] POST https://www.googleapis.com/oauth2/v3/token [none]
[debug] [2025-10-26T00:21:56.518Z] >>> [apiv2][body] POST https://www.googleapis.com/oauth2/v3/token [omitted]
[debug] [2025-10-26T00:21:56.518Z] Checked if tokens are valid: false, expires at: 1761438429009
[debug] [2025-10-26T00:21:56.518Z] Checked if tokens are valid: false, expires at: 1761438429009
[debug] [2025-10-26T00:21:56.518Z] > refreshing access token with scopes: []
[debug] [2025-10-26T00:21:56.518Z] >>> [apiv2][query] POST https://www.googleapis.com/oauth2/v3/token [none]
[debug] [2025-10-26T00:21:56.519Z] >>> [apiv2][body] POST https://www.googleapis.com/oauth2/v3/token [omitted]
[debug] [2025-10-26T00:21:56.519Z] > command requires scopes: ["email","openid","https://www.googleapis.com/auth/cloudplatformprojects.readonly","https://www.googleapis.com/auth/firebase","https://www.googleapis.com/auth/cloud-platform"]
[debug] [2025-10-26T00:21:56.519Z] > authorizing via signed-in user (alon710@gmail.com)
[debug] [2025-10-26T00:21:56.519Z] Object "/extensions" in "firebase.json" has unknown property: {"additionalProperty":"firestore-stripe-payments"}
[debug] [2025-10-26T00:21:56.520Z] Checked if tokens are valid: false, expires at: 1761438429009
[debug] [2025-10-26T00:21:56.520Z] Checked if tokens are valid: false, expires at: 1761438429009
[debug] [2025-10-26T00:21:56.520Z] > refreshing access token with scopes: []
[debug] [2025-10-26T00:21:56.520Z] >>> [apiv2][query] POST https://www.googleapis.com/oauth2/v3/token [none]
[debug] [2025-10-26T00:21:56.520Z] >>> [apiv2][body] POST https://www.googleapis.com/oauth2/v3/token [omitted]
[debug] [2025-10-26T00:21:56.521Z] Checked if tokens are valid: false, expires at: 1761438429009
[debug] [2025-10-26T00:21:56.521Z] Checked if tokens are valid: false, expires at: 1761438429009
[debug] [2025-10-26T00:21:56.521Z] > refreshing access token with scopes: []
[debug] [2025-10-26T00:21:56.522Z] >>> [apiv2][query] POST https://www.googleapis.com/oauth2/v3/token [none]
[debug] [2025-10-26T00:21:56.522Z] >>> [apiv2][body] POST https://www.googleapis.com/oauth2/v3/token [omitted]
[debug] [2025-10-26T00:21:56.522Z] Checked if tokens are valid: false, expires at: 1761438429009
[debug] [2025-10-26T00:21:56.522Z] Checked if tokens are valid: false, expires at: 1761438429009
[debug] [2025-10-26T00:21:56.522Z] > refreshing access token with scopes: []
[debug] [2025-10-26T00:21:56.522Z] >>> [apiv2][query] POST https://www.googleapis.com/oauth2/v3/token [none]
[debug] [2025-10-26T00:21:56.522Z] >>> [apiv2][body] POST https://www.googleapis.com/oauth2/v3/token [omitted]
[debug] [2025-10-26T00:21:56.750Z] <<< [apiv2][status] POST https://www.googleapis.com/oauth2/v3/token 200
[debug] [2025-10-26T00:21:56.752Z] <<< [apiv2][status] POST https://www.googleapis.com/oauth2/v3/token 200
[debug] [2025-10-26T00:21:56.750Z] <<< [apiv2][body] POST https://www.googleapis.com/oauth2/v3/token [omitted]
[debug] [2025-10-26T00:21:56.771Z] >>> [apiv2][query] GET https://serviceusage.googleapis.com/v1/projects/review-ai-reply/services/firebaseapphosting.googleapis.com [none]
[debug] [2025-10-26T00:21:56.771Z] >>> [apiv2][(partial)header] GET https://serviceusage.googleapis.com/v1/projects/review-ai-reply/services/firebaseapphosting.googleapis.com x-goog-quota-user=projects/review-ai-reply
[debug] [2025-10-26T00:21:56.752Z] <<< [apiv2][body] POST https://www.googleapis.com/oauth2/v3/token [omitted]
[debug] [2025-10-26T00:21:56.774Z] >>> [apiv2][query] GET https://serviceusage.googleapis.com/v1/projects/review-ai-reply/services/firebasedataconnect.googleapis.com [none]
[debug] [2025-10-26T00:21:56.774Z] >>> [apiv2][(partial)header] GET https://serviceusage.googleapis.com/v1/projects/review-ai-reply/services/firebasedataconnect.googleapis.com x-goog-quota-user=projects/review-ai-reply
[debug] [2025-10-26T00:21:56.776Z] <<< [apiv2][status] POST https://www.googleapis.com/oauth2/v3/token 200
[debug] [2025-10-26T00:21:56.772Z] <<< [apiv2][status] POST https://www.googleapis.com/oauth2/v3/token 200
[debug] [2025-10-26T00:21:56.772Z] <<< [apiv2][body] POST https://www.googleapis.com/oauth2/v3/token [omitted]
[debug] [2025-10-26T00:21:56.786Z] >>> [apiv2][query] GET https://serviceusage.googleapis.com/v1/projects/review-ai-reply/services/firebasedataconnect.googleapis.com [none]
[debug] [2025-10-26T00:21:56.786Z] >>> [apiv2][(partial)header] GET https://serviceusage.googleapis.com/v1/projects/review-ai-reply/services/firebasedataconnect.googleapis.com x-goog-quota-user=projects/review-ai-reply
[debug] [2025-10-26T00:21:56.789Z] <<< [apiv2][status] POST https://www.googleapis.com/oauth2/v3/token 200
[debug] [2025-10-26T00:21:56.776Z] <<< [apiv2][body] POST https://www.googleapis.com/oauth2/v3/token [omitted]
[debug] [2025-10-26T00:21:56.789Z] >>> [apiv2][query] GET https://serviceusage.googleapis.com/v1/projects/review-ai-reply/services/firebasedataconnect.googleapis.com [none]
[debug] [2025-10-26T00:21:56.789Z] >>> [apiv2][(partial)header] GET https://serviceusage.googleapis.com/v1/projects/review-ai-reply/services/firebasedataconnect.googleapis.com x-goog-quota-user=projects/review-ai-reply
[debug] [2025-10-26T00:21:56.789Z] <<< [apiv2][status] POST https://www.googleapis.com/oauth2/v3/token 200
[debug] [2025-10-26T00:21:56.789Z] <<< [apiv2][body] POST https://www.googleapis.com/oauth2/v3/token [omitted]
[debug] [2025-10-26T00:21:56.800Z] >>> [apiv2][query] GET https://serviceusage.googleapis.com/v1/projects/review-ai-reply/services/firebasedataconnect.googleapis.com [none]
[debug] [2025-10-26T00:21:56.800Z] >>> [apiv2][(partial)header] GET https://serviceusage.googleapis.com/v1/projects/review-ai-reply/services/firebasedataconnect.googleapis.com x-goog-quota-user=projects/review-ai-reply
[debug] [2025-10-26T00:21:56.801Z] <<< [apiv2][status] POST https://www.googleapis.com/oauth2/v3/token 200
[debug] [2025-10-26T00:21:56.790Z] <<< [apiv2][body] POST https://www.googleapis.com/oauth2/v3/token [omitted]
[debug] [2025-10-26T00:21:56.802Z] >>> [apiv2][query] GET https://serviceusage.googleapis.com/v1/projects/review-ai-reply/services/firebaseio.com [none]
[debug] [2025-10-26T00:21:56.802Z] >>> [apiv2][(partial)header] GET https://serviceusage.googleapis.com/v1/projects/review-ai-reply/services/firebaseio.com x-goog-quota-user=projects/review-ai-reply
[debug] [2025-10-26T00:21:56.801Z] <<< [apiv2][body] POST https://www.googleapis.com/oauth2/v3/token [omitted]
[debug] [2025-10-26T00:21:56.814Z] >>> [apiv2][query] GET https://serviceusage.googleapis.com/v1/projects/review-ai-reply/services/firebaseapphosting.googleapis.com [none]
[debug] [2025-10-26T00:21:56.814Z] >>> [apiv2][(partial)header] GET https://serviceusage.googleapis.com/v1/projects/review-ai-reply/services/firebaseapphosting.googleapis.com x-goog-quota-user=projects/review-ai-reply
[debug] [2025-10-26T00:21:56.815Z] <<< [apiv2][status] POST https://www.googleapis.com/oauth2/v3/token 200
[debug] [2025-10-26T00:21:56.803Z] <<< [apiv2][status] POST https://www.googleapis.com/oauth2/v3/token 200
[debug] [2025-10-26T00:21:56.803Z] <<< [apiv2][body] POST https://www.googleapis.com/oauth2/v3/token [omitted]
[debug] [2025-10-26T00:21:56.816Z] >>> [apiv2][query] GET https://serviceusage.googleapis.com/v1/projects/review-ai-reply/services/firebaseapphosting.googleapis.com [none]
[debug] [2025-10-26T00:21:56.816Z] >>> [apiv2][(partial)header] GET https://serviceusage.googleapis.com/v1/projects/review-ai-reply/services/firebaseapphosting.googleapis.com x-goog-quota-user=projects/review-ai-reply
[debug] [2025-10-26T00:21:56.817Z] <<< [apiv2][status] POST https://www.googleapis.com/oauth2/v3/token 200
[debug] [2025-10-26T00:21:56.815Z] <<< [apiv2][body] POST https://www.googleapis.com/oauth2/v3/token [omitted]
[debug] [2025-10-26T00:21:56.828Z] >>> [apiv2][query] GET https://serviceusage.googleapis.com/v1/projects/review-ai-reply/services/firebaseio.com [none]
[debug] [2025-10-26T00:21:56.828Z] >>> [apiv2][(partial)header] GET https://serviceusage.googleapis.com/v1/projects/review-ai-reply/services/firebaseio.com x-goog-quota-user=projects/review-ai-reply
[debug] [2025-10-26T00:21:56.829Z] <<< [apiv2][status] POST https://www.googleapis.com/oauth2/v3/token 200
[debug] [2025-10-26T00:21:56.829Z] <<< [apiv2][body] POST https://www.googleapis.com/oauth2/v3/token [omitted]
[debug] [2025-10-26T00:21:56.846Z] >>> [apiv2][query] GET https://serviceusage.googleapis.com/v1/projects/review-ai-reply/services/firebasedataconnect.googleapis.com [none]
[debug] [2025-10-26T00:21:56.846Z] >>> [apiv2][(partial)header] GET https://serviceusage.googleapis.com/v1/projects/review-ai-reply/services/firebasedataconnect.googleapis.com x-goog-quota-user=projects/review-ai-reply
[debug] [2025-10-26T00:21:56.847Z] <<< [apiv2][status] POST https://www.googleapis.com/oauth2/v3/token 200
[debug] [2025-10-26T00:21:56.817Z] <<< [apiv2][body] POST https://www.googleapis.com/oauth2/v3/token [omitted]
[debug] [2025-10-26T00:21:56.835Z] >>> [apiv2][query] GET https://serviceusage.googleapis.com/v1/projects/review-ai-reply/services/firebaseapphosting.googleapis.com [none]
[debug] [2025-10-26T00:21:56.835Z] >>> [apiv2][(partial)header] GET https://serviceusage.googleapis.com/v1/projects/review-ai-reply/services/firebaseapphosting.googleapis.com x-goog-quota-user=projects/review-ai-reply
[debug] [2025-10-26T00:21:56.836Z] <<< [apiv2][status] POST https://www.googleapis.com/oauth2/v3/token 200
[debug] [2025-10-26T00:21:56.836Z] <<< [apiv2][body] POST https://www.googleapis.com/oauth2/v3/token [omitted]
[debug] [2025-10-26T00:21:56.854Z] >>> [apiv2][query] GET https://serviceusage.googleapis.com/v1/projects/review-ai-reply/services/firebaseio.com [none]
[debug] [2025-10-26T00:21:56.854Z] >>> [apiv2][(partial)header] GET https://serviceusage.googleapis.com/v1/projects/review-ai-reply/services/firebaseio.com x-goog-quota-user=projects/review-ai-reply
[debug] [2025-10-26T00:21:56.854Z] <<< [apiv2][status] POST https://www.googleapis.com/oauth2/v3/token 200
[debug] [2025-10-26T00:21:56.854Z] <<< [apiv2][body] POST https://www.googleapis.com/oauth2/v3/token [omitted]
[debug] [2025-10-26T00:21:56.873Z] >>> [apiv2][query] GET https://serviceusage.googleapis.com/v1/projects/review-ai-reply/services/firebaseio.com [none]
[debug] [2025-10-26T00:21:56.873Z] >>> [apiv2][(partial)header] GET https://serviceusage.googleapis.com/v1/projects/review-ai-reply/services/firebaseio.com x-goog-quota-user=projects/review-ai-reply
[debug] [2025-10-26T00:21:56.847Z] <<< [apiv2][body] POST https://www.googleapis.com/oauth2/v3/token [omitted]
[debug] [2025-10-26T00:21:56.863Z] >>> [apiv2][query] GET https://serviceusage.googleapis.com/v1/projects/review-ai-reply/services/firebaseio.com [none]
[debug] [2025-10-26T00:21:56.863Z] >>> [apiv2][(partial)header] GET https://serviceusage.googleapis.com/v1/projects/review-ai-reply/services/firebaseio.com x-goog-quota-user=projects/review-ai-reply
[debug] [2025-10-26T00:21:56.864Z] <<< [apiv2][status] POST https://www.googleapis.com/oauth2/v3/token 200
[debug] [2025-10-26T00:21:56.864Z] <<< [apiv2][body] POST https://www.googleapis.com/oauth2/v3/token [omitted]
[debug] [2025-10-26T00:21:56.881Z] >>> [apiv2][query] GET https://serviceusage.googleapis.com/v1/projects/review-ai-reply/services/firebaseapphosting.googleapis.com [none]
[debug] [2025-10-26T00:21:56.881Z] >>> [apiv2][(partial)header] GET https://serviceusage.googleapis.com/v1/projects/review-ai-reply/services/firebaseapphosting.googleapis.com x-goog-quota-user=projects/review-ai-reply
[debug] [2025-10-26T00:21:56.882Z] <<< [apiv2][status] POST https://www.googleapis.com/oauth2/v3/token 200
[debug] [2025-10-26T00:21:56.882Z] <<< [apiv2][body] POST https://www.googleapis.com/oauth2/v3/token [omitted]
[debug] [2025-10-26T00:21:56.900Z] >>> [apiv2][query] GET https://serviceusage.googleapis.com/v1/projects/review-ai-reply/services/firebaseio.com [none]
[debug] [2025-10-26T00:21:56.900Z] >>> [apiv2][(partial)header] GET https://serviceusage.googleapis.com/v1/projects/review-ai-reply/services/firebaseio.com x-goog-quota-user=projects/review-ai-reply
[debug] [2025-10-26T00:21:56.874Z] <<< [apiv2][status] POST https://www.googleapis.com/oauth2/v3/token 200
[debug] [2025-10-26T00:21:56.874Z] <<< [apiv2][body] POST https://www.googleapis.com/oauth2/v3/token [omitted]
[debug] [2025-10-26T00:21:56.890Z] >>> [apiv2][query] GET https://serviceusage.googleapis.com/v1/projects/review-ai-reply/services/firebasedataconnect.googleapis.com [none]
[debug] [2025-10-26T00:21:56.890Z] >>> [apiv2][(partial)header] GET https://serviceusage.googleapis.com/v1/projects/review-ai-reply/services/firebasedataconnect.googleapis.com x-goog-quota-user=projects/review-ai-reply
[debug] [2025-10-26T00:21:56.891Z] <<< [apiv2][status] POST https://www.googleapis.com/oauth2/v3/token 200
[debug] [2025-10-26T00:21:56.891Z] <<< [apiv2][body] POST https://www.googleapis.com/oauth2/v3/token [omitted]
[debug] [2025-10-26T00:21:56.908Z] >>> [apiv2][query] GET https://serviceusage.googleapis.com/v1/projects/review-ai-reply/services/firebaseapphosting.googleapis.com [none]
[debug] [2025-10-26T00:21:56.908Z] >>> [apiv2][(partial)header] GET https://serviceusage.googleapis.com/v1/projects/review-ai-reply/services/firebaseapphosting.googleapis.com x-goog-quota-user=projects/review-ai-reply
[debug] [2025-10-26T00:21:57.823Z] <<< [apiv2][status] GET https://serviceusage.googleapis.com/v1/projects/review-ai-reply/services/firebaseio.com 403
[debug] [2025-10-26T00:21:57.823Z] <<< [apiv2][body] GET https://serviceusage.googleapis.com/v1/projects/review-ai-reply/services/firebaseio.com [omitted]
[debug] [2025-10-26T00:21:57.855Z] <<< [apiv2][status] GET https://serviceusage.googleapis.com/v1/projects/review-ai-reply/services/firebaseio.com 403
[debug] [2025-10-26T00:21:57.855Z] <<< [apiv2][body] GET https://serviceusage.googleapis.com/v1/projects/review-ai-reply/services/firebaseio.com [omitted]
[debug] [2025-10-26T00:21:57.857Z] <<< [apiv2][status] GET https://serviceusage.googleapis.com/v1/projects/review-ai-reply/services/firebaseio.com 403
[debug] [2025-10-26T00:21:57.857Z] <<< [apiv2][body] GET https://serviceusage.googleapis.com/v1/projects/review-ai-reply/services/firebaseio.com [omitted]
[debug] [2025-10-26T00:21:57.858Z] <<< [apiv2][status] GET https://serviceusage.googleapis.com/v1/projects/review-ai-reply/services/firebaseio.com 403
[debug] [2025-10-26T00:21:57.858Z] <<< [apiv2][body] GET https://serviceusage.googleapis.com/v1/projects/review-ai-reply/services/firebaseio.com [omitted]
[debug] [2025-10-26T00:21:57.860Z] <<< [apiv2][status] GET https://serviceusage.googleapis.com/v1/projects/review-ai-reply/services/firebaseio.com 403
[debug] [2025-10-26T00:21:57.860Z] <<< [apiv2][body] GET https://serviceusage.googleapis.com/v1/projects/review-ai-reply/services/firebaseio.com [omitted]
[debug] [2025-10-26T00:21:57.881Z] <<< [apiv2][status] GET https://serviceusage.googleapis.com/v1/projects/review-ai-reply/services/firebaseio.com 403
[debug] [2025-10-26T00:21:57.881Z] <<< [apiv2][body] GET https://serviceusage.googleapis.com/v1/projects/review-ai-reply/services/firebaseio.com [omitted]
[debug] [2025-10-26T00:21:57.972Z] <<< [apiv2][status] GET https://serviceusage.googleapis.com/v1/projects/review-ai-reply/services/firebaseapphosting.googleapis.com 200
[debug] [2025-10-26T00:21:57.972Z] <<< [apiv2][body] GET https://serviceusage.googleapis.com/v1/projects/review-ai-reply/services/firebaseapphosting.googleapis.com [omitted]
[debug] [2025-10-26T00:21:57.976Z] <<< [apiv2][status] GET https://serviceusage.googleapis.com/v1/projects/review-ai-reply/services/firebasedataconnect.googleapis.com 200
[debug] [2025-10-26T00:21:57.977Z] <<< [apiv2][body] GET https://serviceusage.googleapis.com/v1/projects/review-ai-reply/services/firebasedataconnect.googleapis.com [omitted]
[debug] [2025-10-26T00:21:57.979Z] <<< [apiv2][status] GET https://serviceusage.googleapis.com/v1/projects/review-ai-reply/services/firebasedataconnect.googleapis.com 200
[debug] [2025-10-26T00:21:57.979Z] <<< [apiv2][body] GET https://serviceusage.googleapis.com/v1/projects/review-ai-reply/services/firebasedataconnect.googleapis.com [omitted]
[debug] [2025-10-26T00:21:57.985Z] <<< [apiv2][status] GET https://serviceusage.googleapis.com/v1/projects/review-ai-reply/services/firebaseapphosting.googleapis.com 200
[debug] [2025-10-26T00:21:57.985Z] <<< [apiv2][body] GET https://serviceusage.googleapis.com/v1/projects/review-ai-reply/services/firebaseapphosting.googleapis.com [omitted]
[debug] [2025-10-26T00:21:57.986Z] Object "/extensions" in "firebase.json" has unknown property: {"additionalProperty":"firestore-stripe-payments"}
[debug] [2025-10-26T00:21:57.987Z] Object "/extensions" in "firebase.json" has unknown property: {"additionalProperty":"firestore-stripe-payments"}
[debug] [2025-10-26T00:21:57.987Z] Object "/extensions" in "firebase.json" has unknown property: {"additionalProperty":"firestore-stripe-payments"}
[debug] [2025-10-26T00:21:57.988Z] > command requires scopes: ["email","openid","https://www.googleapis.com/auth/cloudplatformprojects.readonly","https://www.googleapis.com/auth/firebase","https://www.googleapis.com/auth/cloud-platform"]
[debug] [2025-10-26T00:21:57.988Z] > authorizing via signed-in user (alon710@gmail.com)
[debug] [2025-10-26T00:21:57.988Z] Object "/extensions" in "firebase.json" has unknown property: {"additionalProperty":"firestore-stripe-payments"}
[debug] [2025-10-26T00:21:57.989Z] Object "/extensions" in "firebase.json" has unknown property: {"additionalProperty":"firestore-stripe-payments"}
[debug] [2025-10-26T00:21:57.989Z] > command requires scopes: ["email","openid","https://www.googleapis.com/auth/cloudplatformprojects.readonly","https://www.googleapis.com/auth/firebase","https://www.googleapis.com/auth/cloud-platform"]
[debug] [2025-10-26T00:21:57.989Z] > authorizing via signed-in user (alon710@gmail.com)
[debug] [2025-10-26T00:21:57.990Z] <<< [apiv2][status] GET https://serviceusage.googleapis.com/v1/projects/review-ai-reply/services/firebasedataconnect.googleapis.com 200
[debug] [2025-10-26T00:21:57.990Z] <<< [apiv2][body] GET https://serviceusage.googleapis.com/v1/projects/review-ai-reply/services/firebasedataconnect.googleapis.com [omitted]
[debug] [2025-10-26T00:21:57.990Z] Object "/extensions" in "firebase.json" has unknown property: {"additionalProperty":"firestore-stripe-payments"}
[debug] [2025-10-26T00:21:57.991Z] Object "/extensions" in "firebase.json" has unknown property: {"additionalProperty":"firestore-stripe-payments"}
[debug] [2025-10-26T00:21:57.992Z] Object "/extensions" in "firebase.json" has unknown property: {"additionalProperty":"firestore-stripe-payments"}
[debug] [2025-10-26T00:21:57.992Z] > command requires scopes: ["email","openid","https://www.googleapis.com/auth/cloudplatformprojects.readonly","https://www.googleapis.com/auth/firebase","https://www.googleapis.com/auth/cloud-platform"]
[debug] [2025-10-26T00:21:57.992Z] > authorizing via signed-in user (alon710@gmail.com)
[debug] [2025-10-26T00:21:57.992Z] Object "/extensions" in "firebase.json" has unknown property: {"additionalProperty":"firestore-stripe-payments"}
[debug] [2025-10-26T00:21:57.993Z] Object "/extensions" in "firebase.json" has unknown property: {"additionalProperty":"firestore-stripe-payments"}
[debug] [2025-10-26T00:21:57.993Z] > command requires scopes: ["email","openid","https://www.googleapis.com/auth/cloudplatformprojects.readonly","https://www.googleapis.com/auth/firebase","https://www.googleapis.com/auth/cloud-platform"]
[debug] [2025-10-26T00:21:57.993Z] > authorizing via signed-in user (alon710@gmail.com)
[debug] [2025-10-26T00:21:57.994Z] <<< [apiv2][status] GET https://serviceusage.googleapis.com/v1/projects/review-ai-reply/services/firebaseapphosting.googleapis.com 200
[debug] [2025-10-26T00:21:57.994Z] <<< [apiv2][body] GET https://serviceusage.googleapis.com/v1/projects/review-ai-reply/services/firebaseapphosting.googleapis.com [omitted]
[debug] [2025-10-26T00:21:57.995Z] <<< [apiv2][status] GET https://serviceusage.googleapis.com/v1/projects/review-ai-reply/services/firebaseapphosting.googleapis.com 200
[debug] [2025-10-26T00:21:57.995Z] <<< [apiv2][body] GET https://serviceusage.googleapis.com/v1/projects/review-ai-reply/services/firebaseapphosting.googleapis.com [omitted]
[debug] [2025-10-26T00:21:57.998Z] <<< [apiv2][status] GET https://serviceusage.googleapis.com/v1/projects/review-ai-reply/services/firebasedataconnect.googleapis.com 200
[debug] [2025-10-26T00:21:57.998Z] <<< [apiv2][body] GET https://serviceusage.googleapis.com/v1/projects/review-ai-reply/services/firebasedataconnect.googleapis.com [omitted]
[debug] [2025-10-26T00:21:57.999Z] <<< [apiv2][status] GET https://serviceusage.googleapis.com/v1/projects/review-ai-reply/services/firebaseapphosting.googleapis.com 200
[debug] [2025-10-26T00:21:57.999Z] <<< [apiv2][body] GET https://serviceusage.googleapis.com/v1/projects/review-ai-reply/services/firebaseapphosting.googleapis.com [omitted]
[debug] [2025-10-26T00:21:58.006Z] <<< [apiv2][status] GET https://serviceusage.googleapis.com/v1/projects/review-ai-reply/services/firebaseapphosting.googleapis.com 200
[debug] [2025-10-26T00:21:58.006Z] <<< [apiv2][body] GET https://serviceusage.googleapis.com/v1/projects/review-ai-reply/services/firebaseapphosting.googleapis.com [omitted]
[debug] [2025-10-26T00:21:58.012Z] <<< [apiv2][status] GET https://serviceusage.googleapis.com/v1/projects/review-ai-reply/services/firebasedataconnect.googleapis.com 200
[debug] [2025-10-26T00:21:58.012Z] <<< [apiv2][body] GET https://serviceusage.googleapis.com/v1/projects/review-ai-reply/services/firebasedataconnect.googleapis.com [omitted]
[debug] [2025-10-26T00:21:58.013Z] Object "/extensions" in "firebase.json" has unknown property: {"additionalProperty":"firestore-stripe-payments"}
[debug] [2025-10-26T00:21:58.014Z] Object "/extensions" in "firebase.json" has unknown property: {"additionalProperty":"firestore-stripe-payments"}
[debug] [2025-10-26T00:21:58.015Z] Object "/extensions" in "firebase.json" has unknown property: {"additionalProperty":"firestore-stripe-payments"}
[debug] [2025-10-26T00:21:58.015Z] > command requires scopes: ["email","openid","https://www.googleapis.com/auth/cloudplatformprojects.readonly","https://www.googleapis.com/auth/firebase","https://www.googleapis.com/auth/cloud-platform"]
[debug] [2025-10-26T00:21:58.015Z] > authorizing via signed-in user (alon710@gmail.com)
[debug] [2025-10-26T00:21:58.016Z] Object "/extensions" in "firebase.json" has unknown property: {"additionalProperty":"firestore-stripe-payments"}
[debug] [2025-10-26T00:21:58.016Z] Object "/extensions" in "firebase.json" has unknown property: {"additionalProperty":"firestore-stripe-payments"}
[debug] [2025-10-26T00:21:58.017Z] > command requires scopes: ["email","openid","https://www.googleapis.com/auth/cloudplatformprojects.readonly","https://www.googleapis.com/auth/firebase","https://www.googleapis.com/auth/cloud-platform"]
[debug] [2025-10-26T00:21:58.017Z] > authorizing via signed-in user (alon710@gmail.com)
[debug] [2025-10-26T00:21:58.113Z] <<< [apiv2][status] GET https://serviceusage.googleapis.com/v1/projects/review-ai-reply/services/firebasedataconnect.googleapis.com 200
[debug] [2025-10-26T00:21:58.113Z] <<< [apiv2][body] GET https://serviceusage.googleapis.com/v1/projects/review-ai-reply/services/firebasedataconnect.googleapis.com [omitted]
[debug] [2025-10-26T00:21:58.113Z] Object "/extensions" in "firebase.json" has unknown property: {"additionalProperty":"firestore-stripe-payments"}
[debug] [2025-10-26T00:21:58.114Z] Object "/extensions" in "firebase.json" has unknown property: {"additionalProperty":"firestore-stripe-payments"}
[debug] [2025-10-26T00:21:58.115Z] Object "/extensions" in "firebase.json" has unknown property: {"additionalProperty":"firestore-stripe-payments"}
[debug] [2025-10-26T00:21:58.115Z] > command requires scopes: ["email","openid","https://www.googleapis.com/auth/cloudplatformprojects.readonly","https://www.googleapis.com/auth/firebase","https://www.googleapis.com/auth/cloud-platform"]
[debug] [2025-10-26T00:21:58.115Z] > authorizing via signed-in user (alon710@gmail.com)
[debug] [2025-10-26T00:21:58.115Z] Object "/extensions" in "firebase.json" has unknown property: {"additionalProperty":"firestore-stripe-payments"}
[debug] [2025-10-26T00:21:58.116Z] Object "/extensions" in "firebase.json" has unknown property: {"additionalProperty":"firestore-stripe-payments"}
[debug] [2025-10-26T00:21:58.116Z] > command requires scopes: ["email","openid","https://www.googleapis.com/auth/cloudplatformprojects.readonly","https://www.googleapis.com/auth/firebase","https://www.googleapis.com/auth/cloud-platform"]
[debug] [2025-10-26T00:21:58.116Z] > authorizing via signed-in user (alon710@gmail.com)
